2016-04-29 11:30:43,111 [INFO] from play.core.server.NettyServer in pool-13-thread-8 - Listening for HTTP on /0:0:0:0:0:0:0:0:8998
2016-04-29 11:37:15,169 [INFO] from application in ForkJoinPool-1-worker-1 - Creating Pool for datasource 'default'
2016-04-29 11:37:15,312 [INFO] from play.api.db.DefaultDBApi in ForkJoinPool-1-worker-1 - Database [default] connected at jdbc:postgresql://localhost:5432/digitalhawk
2016-04-29 11:37:16,549 [INFO] from application in ForkJoinPool-1-worker-1 - ApplicationTimer demo: Starting application at 2016-04-29T06:07:16.548Z
2016-04-29 11:37:16,772 [INFO] from play.api.Play in ForkJoinPool-1-worker-1 - Application started (Dev)
2016-04-29 11:37:16,902 [ERROR] from org.jdbcdslog.StatementLogger in application-akka.actor.default-dispatcher-4 - select count(*) from APP_USERS t0 where emilId = '"dishari@thrymr.net"' ;
throws exception: org.postgresql.util.PSQLException: ERROR: column "emilid" does not exist
  Position: 41
org.postgresql.util.PSQLException: ERROR: column "emilid" does not exist
  Position: 41
	at org.postgresql.core.v3.QueryExecutorImpl.receiveErrorResponse(QueryExecutorImpl.java:2161)
	at org.postgresql.core.v3.QueryExecutorImpl.processResults(QueryExecutorImpl.java:1890)
	at org.postgresql.core.v3.QueryExecutorImpl.execute(QueryExecutorImpl.java:255)
	at org.postgresql.jdbc2.AbstractJdbc2Statement.execute(AbstractJdbc2Statement.java:560)
	at org.postgresql.jdbc2.AbstractJdbc2Statement.executeWithFlags(AbstractJdbc2Statement.java:417)
	at org.postgresql.jdbc2.AbstractJdbc2Statement.executeQuery(AbstractJdbc2Statement.java:302)
	at com.zaxxer.hikari.pool.ProxyPreparedStatement.executeQuery(ProxyPreparedStatement.java:52)
	at com.zaxxer.hikari.pool.HikariProxyPreparedStatement.executeQuery(HikariProxyPreparedStatement.java)
	at sun.reflect.NativeMethodAccessorImpl.invoke0(Native Method)
	at sun.reflect.NativeMethodAccessorImpl.invoke(NativeMethodAccessorImpl.java:62)
	at sun.reflect.DelegatingMethodAccessorImpl.invoke(DelegatingMethodAccessorImpl.java:43)
	at java.lang.reflect.Method.invoke(Method.java:498)
	at org.jdbcdslog.PreparedStatementLoggingHandler.invoke(PreparedStatementLoggingHandler.java:35)
	at com.sun.proxy.$Proxy47.executeQuery(Unknown Source)
	at com.avaje.ebeaninternal.server.query.CQueryRowCount.findRowCount(CQueryRowCount.java:128)
	at com.avaje.ebeaninternal.server.query.CQueryEngine.findRowCount(CQueryEngine.java:86)
	at com.avaje.ebeaninternal.server.query.DefaultOrmQueryEngine.findRowCount(DefaultOrmQueryEngine.java:52)
	at com.avaje.ebeaninternal.server.core.OrmQueryRequest.findRowCount(OrmQueryRequest.java:230)
	at com.avaje.ebeaninternal.server.core.DefaultServer.findRowCountWithCopy(DefaultServer.java:1235)
	at com.avaje.ebeaninternal.server.core.DefaultServer.findRowCount(DefaultServer.java:1227)
	at com.avaje.ebeaninternal.server.querydefn.DefaultOrmQuery.findRowCount(DefaultOrmQuery.java:917)
	at com.avaje.ebeaninternal.util.DefaultExpressionList.findRowCount(DefaultExpressionList.java:167)
	at controllers.RegistrationController.checkMail(RegistrationController.java:42)
	at router.Routes$$anonfun$routes$1$$anonfun$applyOrElse$13$$anonfun$apply$13.apply(Routes.scala:385)
	at router.Routes$$anonfun$routes$1$$anonfun$applyOrElse$13$$anonfun$apply$13.apply(Routes.scala:385)
	at play.core.routing.HandlerInvokerFactory$$anon$4.resultCall(HandlerInvoker.scala:157)
	at play.core.routing.HandlerInvokerFactory$$anon$4.resultCall(HandlerInvoker.scala:156)
	at play.core.routing.HandlerInvokerFactory$JavaActionInvokerFactory$$anon$14$$anon$3$$anon$1.invocation(HandlerInvoker.scala:136)
	at play.core.j.JavaAction$$anon$1.call(JavaAction.scala:73)
	at play.http.HttpRequestHandler$1.call(HttpRequestHandler.java:54)
	at play.core.j.JavaAction$$anonfun$7.apply(JavaAction.scala:108)
	at play.core.j.JavaAction$$anonfun$7.apply(JavaAction.scala:108)
	at scala.concurrent.impl.Future$PromiseCompletingRunnable.liftedTree1$1(Future.scala:24)
	at scala.concurrent.impl.Future$PromiseCompletingRunnable.run(Future.scala:24)
	at play.core.j.HttpExecutionContext$$anon$2.run(HttpExecutionContext.scala:56)
	at play.api.libs.iteratee.Execution$trampoline$.execute(Execution.scala:70)
	at play.core.j.HttpExecutionContext.execute(HttpExecutionContext.scala:48)
	at scala.concurrent.impl.Future$.apply(Future.scala:31)
	at scala.concurrent.Future$.apply(Future.scala:494)
	at play.core.j.JavaAction.apply(JavaAction.scala:108)
	at play.api.mvc.Action$$anonfun$apply$2$$anonfun$apply$5$$anonfun$apply$6.apply(Action.scala:112)
	at play.api.mvc.Action$$anonfun$apply$2$$anonfun$apply$5$$anonfun$apply$6.apply(Action.scala:112)
	at play.utils.Threads$.withContextClassLoader(Threads.scala:21)
	at play.api.mvc.Action$$anonfun$apply$2$$anonfun$apply$5.apply(Action.scala:111)
	at play.api.mvc.Action$$anonfun$apply$2$$anonfun$apply$5.apply(Action.scala:110)
	at scala.Option.map(Option.scala:146)
	at play.api.mvc.Action$$anonfun$apply$2.apply(Action.scala:110)
	at play.api.mvc.Action$$anonfun$apply$2.apply(Action.scala:103)
	at scala.concurrent.Future$$anonfun$flatMap$1.apply(Future.scala:253)
	at scala.concurrent.Future$$anonfun$flatMap$1.apply(Future.scala:251)
	at scala.concurrent.impl.CallbackRunnable.run(Promise.scala:32)
	at akka.dispatch.BatchingExecutor$AbstractBatch.processBatch(BatchingExecutor.scala:55)
	at akka.dispatch.BatchingExecutor$BlockableBatch$$anonfun$run$1.apply$mcV$sp(BatchingExecutor.scala:91)
	at akka.dispatch.BatchingExecutor$BlockableBatch$$anonfun$run$1.apply(BatchingExecutor.scala:91)
	at akka.dispatch.BatchingExecutor$BlockableBatch$$anonfun$run$1.apply(BatchingExecutor.scala:91)
	at scala.concurrent.BlockContext$.withBlockContext(BlockContext.scala:72)
	at akka.dispatch.BatchingExecutor$BlockableBatch.run(BatchingExecutor.scala:90)
	at akka.dispatch.TaskInvocation.run(AbstractDispatcher.scala:39)
	at akka.dispatch.ForkJoinExecutorConfigurator$AkkaForkJoinTask.exec(AbstractDispatcher.scala:405)
	at scala.concurrent.forkjoin.ForkJoinTask.doExec(ForkJoinTask.java:260)
	at scala.concurrent.forkjoin.ForkJoinPool$WorkQueue.runTask(ForkJoinPool.java:1339)
	at scala.concurrent.forkjoin.ForkJoinPool.runWorker(ForkJoinPool.java:1979)
	at scala.concurrent.forkjoin.ForkJoinWorkerThread.run(ForkJoinWorkerThread.java:107)
2016-04-29 11:37:16,918 [ERROR] from application in application-akka.actor.default-dispatcher-4 - 

! @700a3mk05 - Internal server error, for (GET) [/checkmail?mailId=%22dishari@thrymr.net%22] ->
 
play.api.http.HttpErrorHandlerExceptions$$anon$1: Execution exception[[CompletionException: javax.persistence.PersistenceException: Query threw SQLException:ERROR: column "emilid" does not exist
  Position: 41 
Bind values:["dishari@thrymr.net"] 
Query was:
select count(*) from APP_USERS t0 where emilId = ?  

]]
	at play.api.http.HttpErrorHandlerExceptions$.throwableToUsefulException(HttpErrorHandler.scala:280)
	at play.api.http.DefaultHttpErrorHandler.onServerError(HttpErrorHandler.scala:206)
	at play.api.GlobalSettings$class.onError(GlobalSettings.scala:160)
	at play.api.DefaultGlobal$.onError(GlobalSettings.scala:188)
	at play.api.http.GlobalSettingsHttpErrorHandler.onServerError(HttpErrorHandler.scala:98)
	at play.core.server.netty.PlayRequestHandler$$anonfun$2$$anonfun$apply$1.applyOrElse(PlayRequestHandler.scala:100)
	at play.core.server.netty.PlayRequestHandler$$anonfun$2$$anonfun$apply$1.applyOrElse(PlayRequestHandler.scala:99)
	at scala.concurrent.Future$$anonfun$recoverWith$1.apply(Future.scala:346)
	at scala.concurrent.Future$$anonfun$recoverWith$1.apply(Future.scala:345)
	at scala.concurrent.impl.CallbackRunnable.run(Promise.scala:32)
	at play.api.libs.iteratee.Execution$trampoline$.execute(Execution.scala:70)
	at scala.concurrent.impl.CallbackRunnable.executeWithValue(Promise.scala:40)
	at scala.concurrent.impl.Promise$DefaultPromise.tryComplete(Promise.scala:248)
	at scala.concurrent.Promise$class.complete(Promise.scala:55)
	at scala.concurrent.impl.Promise$DefaultPromise.complete(Promise.scala:153)
	at scala.concurrent.Future$$anonfun$recoverWith$1$$anonfun$apply$6.apply(Future.scala:346)
	at scala.concurrent.Future$$anonfun$recoverWith$1$$anonfun$apply$6.apply(Future.scala:346)
	at scala.concurrent.impl.CallbackRunnable.run(Promise.scala:32)
	at scala.concurrent.BatchingExecutor$Batch$$anonfun$run$1.processBatch$1(BatchingExecutor.scala:63)
	at scala.concurrent.BatchingExecutor$Batch$$anonfun$run$1.apply$mcV$sp(BatchingExecutor.scala:78)
	at scala.concurrent.BatchingExecutor$Batch$$anonfun$run$1.apply(BatchingExecutor.scala:55)
	at scala.concurrent.BatchingExecutor$Batch$$anonfun$run$1.apply(BatchingExecutor.scala:55)
	at scala.concurrent.BlockContext$.withBlockContext(BlockContext.scala:72)
	at scala.concurrent.BatchingExecutor$Batch.run(BatchingExecutor.scala:54)
	at scala.concurrent.Future$InternalCallbackExecutor$.unbatchedExecute(Future.scala:601)
	at scala.concurrent.BatchingExecutor$class.execute(BatchingExecutor.scala:106)
	at scala.concurrent.Future$InternalCallbackExecutor$.execute(Future.scala:599)
	at scala.concurrent.impl.CallbackRunnable.executeWithValue(Promise.scala:40)
	at scala.concurrent.impl.Promise$DefaultPromise.scala$concurrent$impl$Promise$DefaultPromise$$dispatchOrAddCallback(Promise.scala:280)
	at scala.concurrent.impl.Promise$DefaultPromise.onComplete(Promise.scala:270)
	at scala.concurrent.Future$$anonfun$recoverWith$1.apply(Future.scala:346)
	at scala.concurrent.Future$$anonfun$recoverWith$1.apply(Future.scala:345)
	at scala.concurrent.impl.CallbackRunnable.run(Promise.scala:32)
	at akka.dispatch.BatchingExecutor$AbstractBatch.processBatch(BatchingExecutor.scala:55)
	at akka.dispatch.BatchingExecutor$BlockableBatch$$anonfun$run$1.apply$mcV$sp(BatchingExecutor.scala:91)
	at akka.dispatch.BatchingExecutor$BlockableBatch$$anonfun$run$1.apply(BatchingExecutor.scala:91)
	at akka.dispatch.BatchingExecutor$BlockableBatch$$anonfun$run$1.apply(BatchingExecutor.scala:91)
	at scala.concurrent.BlockContext$.withBlockContext(BlockContext.scala:72)
	at akka.dispatch.BatchingExecutor$BlockableBatch.run(BatchingExecutor.scala:90)
	at akka.dispatch.TaskInvocation.run(AbstractDispatcher.scala:39)
	at akka.dispatch.ForkJoinExecutorConfigurator$AkkaForkJoinTask.exec(AbstractDispatcher.scala:405)
	at scala.concurrent.forkjoin.ForkJoinTask.doExec(ForkJoinTask.java:260)
	at scala.concurrent.forkjoin.ForkJoinPool$WorkQueue.runTask(ForkJoinPool.java:1339)
	at scala.concurrent.forkjoin.ForkJoinPool.runWorker(ForkJoinPool.java:1979)
	at scala.concurrent.forkjoin.ForkJoinWorkerThread.run(ForkJoinWorkerThread.java:107)
Caused by: java.util.concurrent.CompletionException: javax.persistence.PersistenceException: Query threw SQLException:ERROR: column "emilid" does not exist
  Position: 41 
Bind values:["dishari@thrymr.net"] 
Query was:
select count(*) from APP_USERS t0 where emilId = ?  


	at java.util.concurrent.CompletableFuture.encodeThrowable(CompletableFuture.java:292)
	at java.util.concurrent.CompletableFuture.completeThrowable(CompletableFuture.java:308)
	at java.util.concurrent.CompletableFuture.uniApply(CompletableFuture.java:593)
	at java.util.concurrent.CompletableFuture$UniApply.tryFire(CompletableFuture.java:577)
	at java.util.concurrent.CompletableFuture.postComplete(CompletableFuture.java:474)
	at java.util.concurrent.CompletableFuture.completeExceptionally(CompletableFuture.java:1977)
	at scala.concurrent.java8.FuturesConvertersImpl$CF.apply(FutureConvertersImpl.scala:21)
	at scala.concurrent.java8.FuturesConvertersImpl$CF.apply(FutureConvertersImpl.scala:18)
	at scala.concurrent.impl.CallbackRunnable.run(Promise.scala:32)
	at scala.concurrent.BatchingExecutor$Batch$$anonfun$run$1.processBatch$1(BatchingExecutor.scala:63)
	at scala.concurrent.BatchingExecutor$Batch$$anonfun$run$1.apply$mcV$sp(BatchingExecutor.scala:78)
	at scala.concurrent.BatchingExecutor$Batch$$anonfun$run$1.apply(BatchingExecutor.scala:55)
	at scala.concurrent.BatchingExecutor$Batch$$anonfun$run$1.apply(BatchingExecutor.scala:55)
	at scala.concurrent.BlockContext$.withBlockContext(BlockContext.scala:72)
	at scala.concurrent.BatchingExecutor$Batch.run(BatchingExecutor.scala:54)
	at scala.concurrent.Future$InternalCallbackExecutor$.unbatchedExecute(Future.scala:601)
	at scala.concurrent.BatchingExecutor$class.execute(BatchingExecutor.scala:106)
	at scala.concurrent.Future$InternalCallbackExecutor$.execute(Future.scala:599)
	at scala.concurrent.impl.CallbackRunnable.executeWithValue(Promise.scala:40)
	at scala.concurrent.impl.Promise$DefaultPromise.tryComplete(Promise.scala:248)
	at scala.concurrent.Promise$class.tryFailure(Promise.scala:112)
	at scala.concurrent.impl.Promise$DefaultPromise.tryFailure(Promise.scala:153)
	at play.api.mvc.Filter$$anon$1$$anonfun$apply$4$$anonfun$apply$1.applyOrElse(Filters.scala:83)
	at play.api.mvc.Filter$$anon$1$$anonfun$apply$4$$anonfun$apply$1.applyOrElse(Filters.scala:77)
	... 15 common frames omitted
Caused by: javax.persistence.PersistenceException: Query threw SQLException:ERROR: column "emilid" does not exist
  Position: 41 
Bind values:["dishari@thrymr.net"] 
Query was:
select count(*) from APP_USERS t0 where emilId = ?  


	at com.avaje.ebeaninternal.server.query.CQuery.createPersistenceException(CQuery.java:630)
	at com.avaje.ebeaninternal.server.query.CQueryEngine.findRowCount(CQueryEngine.java:108)
	at com.avaje.ebeaninternal.server.query.DefaultOrmQueryEngine.findRowCount(DefaultOrmQueryEngine.java:52)
	at com.avaje.ebeaninternal.server.core.OrmQueryRequest.findRowCount(OrmQueryRequest.java:230)
	at com.avaje.ebeaninternal.server.core.DefaultServer.findRowCountWithCopy(DefaultServer.java:1235)
	at com.avaje.ebeaninternal.server.core.DefaultServer.findRowCount(DefaultServer.java:1227)
	at com.avaje.ebeaninternal.server.querydefn.DefaultOrmQuery.findRowCount(DefaultOrmQuery.java:917)
	at com.avaje.ebeaninternal.util.DefaultExpressionList.findRowCount(DefaultExpressionList.java:167)
	at controllers.RegistrationController.checkMail(RegistrationController.java:42)
	at router.Routes$$anonfun$routes$1$$anonfun$applyOrElse$13$$anonfun$apply$13.apply(Routes.scala:385)
	at router.Routes$$anonfun$routes$1$$anonfun$applyOrElse$13$$anonfun$apply$13.apply(Routes.scala:385)
	at play.core.routing.HandlerInvokerFactory$$anon$4.resultCall(HandlerInvoker.scala:157)
	at play.core.routing.HandlerInvokerFactory$$anon$4.resultCall(HandlerInvoker.scala:156)
	at play.core.routing.HandlerInvokerFactory$JavaActionInvokerFactory$$anon$14$$anon$3$$anon$1.invocation(HandlerInvoker.scala:136)
	at play.core.j.JavaAction$$anon$1.call(JavaAction.scala:73)
	at play.http.HttpRequestHandler$1.call(HttpRequestHandler.java:54)
	at play.core.j.JavaAction$$anonfun$7.apply(JavaAction.scala:108)
	at play.core.j.JavaAction$$anonfun$7.apply(JavaAction.scala:108)
	at scala.concurrent.impl.Future$PromiseCompletingRunnable.liftedTree1$1(Future.scala:24)
	at scala.concurrent.impl.Future$PromiseCompletingRunnable.run(Future.scala:24)
	at play.core.j.HttpExecutionContext$$anon$2.run(HttpExecutionContext.scala:56)
	at play.api.libs.iteratee.Execution$trampoline$.execute(Execution.scala:70)
	at play.core.j.HttpExecutionContext.execute(HttpExecutionContext.scala:48)
	at scala.concurrent.impl.Future$.apply(Future.scala:31)
	at scala.concurrent.Future$.apply(Future.scala:494)
	at play.core.j.JavaAction.apply(JavaAction.scala:108)
	at play.api.mvc.Action$$anonfun$apply$2$$anonfun$apply$5$$anonfun$apply$6.apply(Action.scala:112)
	at play.api.mvc.Action$$anonfun$apply$2$$anonfun$apply$5$$anonfun$apply$6.apply(Action.scala:112)
	at play.utils.Threads$.withContextClassLoader(Threads.scala:21)
	at play.api.mvc.Action$$anonfun$apply$2$$anonfun$apply$5.apply(Action.scala:111)
	at play.api.mvc.Action$$anonfun$apply$2$$anonfun$apply$5.apply(Action.scala:110)
	at scala.Option.map(Option.scala:146)
	at play.api.mvc.Action$$anonfun$apply$2.apply(Action.scala:110)
	at play.api.mvc.Action$$anonfun$apply$2.apply(Action.scala:103)
	at scala.concurrent.Future$$anonfun$flatMap$1.apply(Future.scala:253)
	at scala.concurrent.Future$$anonfun$flatMap$1.apply(Future.scala:251)
	... 13 common frames omitted
Caused by: org.postgresql.util.PSQLException: ERROR: column "emilid" does not exist
  Position: 41
	at org.postgresql.core.v3.QueryExecutorImpl.receiveErrorResponse(QueryExecutorImpl.java:2161)
	at org.postgresql.core.v3.QueryExecutorImpl.processResults(QueryExecutorImpl.java:1890)
	at org.postgresql.core.v3.QueryExecutorImpl.execute(QueryExecutorImpl.java:255)
	at org.postgresql.jdbc2.AbstractJdbc2Statement.execute(AbstractJdbc2Statement.java:560)
	at org.postgresql.jdbc2.AbstractJdbc2Statement.executeWithFlags(AbstractJdbc2Statement.java:417)
	at org.postgresql.jdbc2.AbstractJdbc2Statement.executeQuery(AbstractJdbc2Statement.java:302)
	at com.zaxxer.hikari.pool.ProxyPreparedStatement.executeQuery(ProxyPreparedStatement.java:52)
	at com.zaxxer.hikari.pool.HikariProxyPreparedStatement.executeQuery(HikariProxyPreparedStatement.java)
	at sun.reflect.NativeMethodAccessorImpl.invoke0(Native Method)
	at sun.reflect.NativeMethodAccessorImpl.invoke(NativeMethodAccessorImpl.java:62)
	at sun.reflect.DelegatingMethodAccessorImpl.invoke(DelegatingMethodAccessorImpl.java:43)
	at java.lang.reflect.Method.invoke(Method.java:498)
	at org.jdbcdslog.PreparedStatementLoggingHandler.invoke(PreparedStatementLoggingHandler.java:35)
	at com.sun.proxy.$Proxy47.executeQuery(Unknown Source)
	at com.avaje.ebeaninternal.server.query.CQueryRowCount.findRowCount(CQueryRowCount.java:128)
	at com.avaje.ebeaninternal.server.query.CQueryEngine.findRowCount(CQueryEngine.java:86)
	... 47 common frames omitted
2016-04-29 11:38:57,485 [INFO] from application in application-akka.actor.default-dispatcher-5 - ApplicationTimer demo: Stopping application at 2016-04-29T06:08:57.485Z after 101s.
2016-04-29 11:38:57,493 [INFO] from application in application-akka.actor.default-dispatcher-5 - Shutting down connection pool.
2016-04-29 11:38:57,593 [INFO] from application in application-akka.actor.default-dispatcher-5 - Creating Pool for datasource 'default'
2016-04-29 11:38:57,597 [INFO] from play.api.db.DefaultDBApi in application-akka.actor.default-dispatcher-5 - Database [default] connected at jdbc:postgresql://localhost:5432/digitalhawk
2016-04-29 11:38:57,635 [INFO] from application in application-akka.actor.default-dispatcher-5 - ApplicationTimer demo: Starting application at 2016-04-29T06:08:57.635Z
2016-04-29 11:38:57,706 [INFO] from play.api.Play in application-akka.actor.default-dispatcher-5 - Application started (Dev)
2016-04-29 11:38:57,715 [ERROR] from org.jdbcdslog.StatementLogger in application-akka.actor.default-dispatcher-3 - select count(*) from APP_USERS t0 where emil_id = '"dishari@thrymr.net"' ;
throws exception: org.postgresql.util.PSQLException: ERROR: column "emil_id" does not exist
  Position: 41
org.postgresql.util.PSQLException: ERROR: column "emil_id" does not exist
  Position: 41
	at org.postgresql.core.v3.QueryExecutorImpl.receiveErrorResponse(QueryExecutorImpl.java:2161)
	at org.postgresql.core.v3.QueryExecutorImpl.processResults(QueryExecutorImpl.java:1890)
	at org.postgresql.core.v3.QueryExecutorImpl.execute(QueryExecutorImpl.java:255)
	at org.postgresql.jdbc2.AbstractJdbc2Statement.execute(AbstractJdbc2Statement.java:560)
	at org.postgresql.jdbc2.AbstractJdbc2Statement.executeWithFlags(AbstractJdbc2Statement.java:417)
	at org.postgresql.jdbc2.AbstractJdbc2Statement.executeQuery(AbstractJdbc2Statement.java:302)
	at com.zaxxer.hikari.pool.ProxyPreparedStatement.executeQuery(ProxyPreparedStatement.java:52)
	at com.zaxxer.hikari.pool.HikariProxyPreparedStatement.executeQuery(HikariProxyPreparedStatement.java)
	at sun.reflect.NativeMethodAccessorImpl.invoke0(Native Method)
	at sun.reflect.NativeMethodAccessorImpl.invoke(NativeMethodAccessorImpl.java:62)
	at sun.reflect.DelegatingMethodAccessorImpl.invoke(DelegatingMethodAccessorImpl.java:43)
	at java.lang.reflect.Method.invoke(Method.java:498)
	at org.jdbcdslog.PreparedStatementLoggingHandler.invoke(PreparedStatementLoggingHandler.java:35)
	at com.sun.proxy.$Proxy47.executeQuery(Unknown Source)
	at com.avaje.ebeaninternal.server.query.CQueryRowCount.findRowCount(CQueryRowCount.java:128)
	at com.avaje.ebeaninternal.server.query.CQueryEngine.findRowCount(CQueryEngine.java:86)
	at com.avaje.ebeaninternal.server.query.DefaultOrmQueryEngine.findRowCount(DefaultOrmQueryEngine.java:52)
	at com.avaje.ebeaninternal.server.core.OrmQueryRequest.findRowCount(OrmQueryRequest.java:230)
	at com.avaje.ebeaninternal.server.core.DefaultServer.findRowCountWithCopy(DefaultServer.java:1235)
	at com.avaje.ebeaninternal.server.core.DefaultServer.findRowCount(DefaultServer.java:1227)
	at com.avaje.ebeaninternal.server.querydefn.DefaultOrmQuery.findRowCount(DefaultOrmQuery.java:917)
	at com.avaje.ebeaninternal.util.DefaultExpressionList.findRowCount(DefaultExpressionList.java:167)
	at controllers.RegistrationController.checkMail(RegistrationController.java:42)
	at router.Routes$$anonfun$routes$1$$anonfun$applyOrElse$13$$anonfun$apply$13.apply(Routes.scala:385)
	at router.Routes$$anonfun$routes$1$$anonfun$applyOrElse$13$$anonfun$apply$13.apply(Routes.scala:385)
	at play.core.routing.HandlerInvokerFactory$$anon$4.resultCall(HandlerInvoker.scala:157)
	at play.core.routing.HandlerInvokerFactory$$anon$4.resultCall(HandlerInvoker.scala:156)
	at play.core.routing.HandlerInvokerFactory$JavaActionInvokerFactory$$anon$14$$anon$3$$anon$1.invocation(HandlerInvoker.scala:136)
	at play.core.j.JavaAction$$anon$1.call(JavaAction.scala:73)
	at play.http.HttpRequestHandler$1.call(HttpRequestHandler.java:54)
	at play.core.j.JavaAction$$anonfun$7.apply(JavaAction.scala:108)
	at play.core.j.JavaAction$$anonfun$7.apply(JavaAction.scala:108)
	at scala.concurrent.impl.Future$PromiseCompletingRunnable.liftedTree1$1(Future.scala:24)
	at scala.concurrent.impl.Future$PromiseCompletingRunnable.run(Future.scala:24)
	at play.core.j.HttpExecutionContext$$anon$2.run(HttpExecutionContext.scala:56)
	at play.api.libs.iteratee.Execution$trampoline$.execute(Execution.scala:70)
	at play.core.j.HttpExecutionContext.execute(HttpExecutionContext.scala:48)
	at scala.concurrent.impl.Future$.apply(Future.scala:31)
	at scala.concurrent.Future$.apply(Future.scala:494)
	at play.core.j.JavaAction.apply(JavaAction.scala:108)
	at play.api.mvc.Action$$anonfun$apply$2$$anonfun$apply$5$$anonfun$apply$6.apply(Action.scala:112)
	at play.api.mvc.Action$$anonfun$apply$2$$anonfun$apply$5$$anonfun$apply$6.apply(Action.scala:112)
	at play.utils.Threads$.withContextClassLoader(Threads.scala:21)
	at play.api.mvc.Action$$anonfun$apply$2$$anonfun$apply$5.apply(Action.scala:111)
	at play.api.mvc.Action$$anonfun$apply$2$$anonfun$apply$5.apply(Action.scala:110)
	at scala.Option.map(Option.scala:146)
	at play.api.mvc.Action$$anonfun$apply$2.apply(Action.scala:110)
	at play.api.mvc.Action$$anonfun$apply$2.apply(Action.scala:103)
	at scala.concurrent.Future$$anonfun$flatMap$1.apply(Future.scala:253)
	at scala.concurrent.Future$$anonfun$flatMap$1.apply(Future.scala:251)
	at scala.concurrent.impl.CallbackRunnable.run(Promise.scala:32)
	at akka.dispatch.BatchingExecutor$AbstractBatch.processBatch(BatchingExecutor.scala:55)
	at akka.dispatch.BatchingExecutor$BlockableBatch$$anonfun$run$1.apply$mcV$sp(BatchingExecutor.scala:91)
	at akka.dispatch.BatchingExecutor$BlockableBatch$$anonfun$run$1.apply(BatchingExecutor.scala:91)
	at akka.dispatch.BatchingExecutor$BlockableBatch$$anonfun$run$1.apply(BatchingExecutor.scala:91)
	at scala.concurrent.BlockContext$.withBlockContext(BlockContext.scala:72)
	at akka.dispatch.BatchingExecutor$BlockableBatch.run(BatchingExecutor.scala:90)
	at akka.dispatch.TaskInvocation.run(AbstractDispatcher.scala:39)
	at akka.dispatch.ForkJoinExecutorConfigurator$AkkaForkJoinTask.exec(AbstractDispatcher.scala:405)
	at scala.concurrent.forkjoin.ForkJoinTask.doExec(ForkJoinTask.java:260)
	at scala.concurrent.forkjoin.ForkJoinPool$WorkQueue.runTask(ForkJoinPool.java:1339)
	at scala.concurrent.forkjoin.ForkJoinPool.runWorker(ForkJoinPool.java:1979)
	at scala.concurrent.forkjoin.ForkJoinWorkerThread.run(ForkJoinWorkerThread.java:107)
2016-04-29 11:38:57,719 [ERROR] from application in application-akka.actor.default-dispatcher-3 - 

! @700a42d36 - Internal server error, for (GET) [/checkmail?mailId=%22dishari@thrymr.net%22] ->
 
play.api.http.HttpErrorHandlerExceptions$$anon$1: Execution exception[[CompletionException: javax.persistence.PersistenceException: Query threw SQLException:ERROR: column "emil_id" does not exist
  Position: 41 
Bind values:["dishari@thrymr.net"] 
Query was:
select count(*) from APP_USERS t0 where emil_id = ?  

]]
	at play.api.http.HttpErrorHandlerExceptions$.throwableToUsefulException(HttpErrorHandler.scala:280)
	at play.api.http.DefaultHttpErrorHandler.onServerError(HttpErrorHandler.scala:206)
	at play.api.GlobalSettings$class.onError(GlobalSettings.scala:160)
	at play.api.DefaultGlobal$.onError(GlobalSettings.scala:188)
	at play.api.http.GlobalSettingsHttpErrorHandler.onServerError(HttpErrorHandler.scala:98)
	at play.core.server.netty.PlayRequestHandler$$anonfun$2$$anonfun$apply$1.applyOrElse(PlayRequestHandler.scala:100)
	at play.core.server.netty.PlayRequestHandler$$anonfun$2$$anonfun$apply$1.applyOrElse(PlayRequestHandler.scala:99)
	at scala.concurrent.Future$$anonfun$recoverWith$1.apply(Future.scala:346)
	at scala.concurrent.Future$$anonfun$recoverWith$1.apply(Future.scala:345)
	at scala.concurrent.impl.CallbackRunnable.run(Promise.scala:32)
	at play.api.libs.iteratee.Execution$trampoline$.execute(Execution.scala:70)
	at scala.concurrent.impl.CallbackRunnable.executeWithValue(Promise.scala:40)
	at scala.concurrent.impl.Promise$DefaultPromise.tryComplete(Promise.scala:248)
	at scala.concurrent.Promise$class.complete(Promise.scala:55)
	at scala.concurrent.impl.Promise$DefaultPromise.complete(Promise.scala:153)
	at scala.concurrent.Future$$anonfun$recoverWith$1$$anonfun$apply$6.apply(Future.scala:346)
	at scala.concurrent.Future$$anonfun$recoverWith$1$$anonfun$apply$6.apply(Future.scala:346)
	at scala.concurrent.impl.CallbackRunnable.run(Promise.scala:32)
	at scala.concurrent.BatchingExecutor$Batch$$anonfun$run$1.processBatch$1(BatchingExecutor.scala:63)
	at scala.concurrent.BatchingExecutor$Batch$$anonfun$run$1.apply$mcV$sp(BatchingExecutor.scala:78)
	at scala.concurrent.BatchingExecutor$Batch$$anonfun$run$1.apply(BatchingExecutor.scala:55)
	at scala.concurrent.BatchingExecutor$Batch$$anonfun$run$1.apply(BatchingExecutor.scala:55)
	at scala.concurrent.BlockContext$.withBlockContext(BlockContext.scala:72)
	at scala.concurrent.BatchingExecutor$Batch.run(BatchingExecutor.scala:54)
	at scala.concurrent.Future$InternalCallbackExecutor$.unbatchedExecute(Future.scala:601)
	at scala.concurrent.BatchingExecutor$class.execute(BatchingExecutor.scala:106)
	at scala.concurrent.Future$InternalCallbackExecutor$.execute(Future.scala:599)
	at scala.concurrent.impl.CallbackRunnable.executeWithValue(Promise.scala:40)
	at scala.concurrent.impl.Promise$DefaultPromise.scala$concurrent$impl$Promise$DefaultPromise$$dispatchOrAddCallback(Promise.scala:280)
	at scala.concurrent.impl.Promise$DefaultPromise.onComplete(Promise.scala:270)
	at scala.concurrent.Future$$anonfun$recoverWith$1.apply(Future.scala:346)
	at scala.concurrent.Future$$anonfun$recoverWith$1.apply(Future.scala:345)
	at scala.concurrent.impl.CallbackRunnable.run(Promise.scala:32)
	at akka.dispatch.BatchingExecutor$AbstractBatch.processBatch(BatchingExecutor.scala:55)
	at akka.dispatch.BatchingExecutor$BlockableBatch$$anonfun$run$1.apply$mcV$sp(BatchingExecutor.scala:91)
	at akka.dispatch.BatchingExecutor$BlockableBatch$$anonfun$run$1.apply(BatchingExecutor.scala:91)
	at akka.dispatch.BatchingExecutor$BlockableBatch$$anonfun$run$1.apply(BatchingExecutor.scala:91)
	at scala.concurrent.BlockContext$.withBlockContext(BlockContext.scala:72)
	at akka.dispatch.BatchingExecutor$BlockableBatch.run(BatchingExecutor.scala:90)
	at akka.dispatch.TaskInvocation.run(AbstractDispatcher.scala:39)
	at akka.dispatch.ForkJoinExecutorConfigurator$AkkaForkJoinTask.exec(AbstractDispatcher.scala:405)
	at scala.concurrent.forkjoin.ForkJoinTask.doExec(ForkJoinTask.java:260)
	at scala.concurrent.forkjoin.ForkJoinPool$WorkQueue.runTask(ForkJoinPool.java:1339)
	at scala.concurrent.forkjoin.ForkJoinPool.runWorker(ForkJoinPool.java:1979)
	at scala.concurrent.forkjoin.ForkJoinWorkerThread.run(ForkJoinWorkerThread.java:107)
Caused by: java.util.concurrent.CompletionException: javax.persistence.PersistenceException: Query threw SQLException:ERROR: column "emil_id" does not exist
  Position: 41 
Bind values:["dishari@thrymr.net"] 
Query was:
select count(*) from APP_USERS t0 where emil_id = ?  


	at java.util.concurrent.CompletableFuture.encodeThrowable(CompletableFuture.java:292)
	at java.util.concurrent.CompletableFuture.completeThrowable(CompletableFuture.java:308)
	at java.util.concurrent.CompletableFuture.uniApply(CompletableFuture.java:593)
	at java.util.concurrent.CompletableFuture$UniApply.tryFire(CompletableFuture.java:577)
	at java.util.concurrent.CompletableFuture.postComplete(CompletableFuture.java:474)
	at java.util.concurrent.CompletableFuture.completeExceptionally(CompletableFuture.java:1977)
	at scala.concurrent.java8.FuturesConvertersImpl$CF.apply(FutureConvertersImpl.scala:21)
	at scala.concurrent.java8.FuturesConvertersImpl$CF.apply(FutureConvertersImpl.scala:18)
	at scala.concurrent.impl.CallbackRunnable.run(Promise.scala:32)
	at scala.concurrent.BatchingExecutor$Batch$$anonfun$run$1.processBatch$1(BatchingExecutor.scala:63)
	at scala.concurrent.BatchingExecutor$Batch$$anonfun$run$1.apply$mcV$sp(BatchingExecutor.scala:78)
	at scala.concurrent.BatchingExecutor$Batch$$anonfun$run$1.apply(BatchingExecutor.scala:55)
	at scala.concurrent.BatchingExecutor$Batch$$anonfun$run$1.apply(BatchingExecutor.scala:55)
	at scala.concurrent.BlockContext$.withBlockContext(BlockContext.scala:72)
	at scala.concurrent.BatchingExecutor$Batch.run(BatchingExecutor.scala:54)
	at scala.concurrent.Future$InternalCallbackExecutor$.unbatchedExecute(Future.scala:601)
	at scala.concurrent.BatchingExecutor$class.execute(BatchingExecutor.scala:106)
	at scala.concurrent.Future$InternalCallbackExecutor$.execute(Future.scala:599)
	at scala.concurrent.impl.CallbackRunnable.executeWithValue(Promise.scala:40)
	at scala.concurrent.impl.Promise$DefaultPromise.tryComplete(Promise.scala:248)
	at scala.concurrent.Promise$class.tryFailure(Promise.scala:112)
	at scala.concurrent.impl.Promise$DefaultPromise.tryFailure(Promise.scala:153)
	at play.api.mvc.Filter$$anon$1$$anonfun$apply$4$$anonfun$apply$1.applyOrElse(Filters.scala:83)
	at play.api.mvc.Filter$$anon$1$$anonfun$apply$4$$anonfun$apply$1.applyOrElse(Filters.scala:77)
	... 15 common frames omitted
Caused by: javax.persistence.PersistenceException: Query threw SQLException:ERROR: column "emil_id" does not exist
  Position: 41 
Bind values:["dishari@thrymr.net"] 
Query was:
select count(*) from APP_USERS t0 where emil_id = ?  


	at com.avaje.ebeaninternal.server.query.CQuery.createPersistenceException(CQuery.java:630)
	at com.avaje.ebeaninternal.server.query.CQueryEngine.findRowCount(CQueryEngine.java:108)
	at com.avaje.ebeaninternal.server.query.DefaultOrmQueryEngine.findRowCount(DefaultOrmQueryEngine.java:52)
	at com.avaje.ebeaninternal.server.core.OrmQueryRequest.findRowCount(OrmQueryRequest.java:230)
	at com.avaje.ebeaninternal.server.core.DefaultServer.findRowCountWithCopy(DefaultServer.java:1235)
	at com.avaje.ebeaninternal.server.core.DefaultServer.findRowCount(DefaultServer.java:1227)
	at com.avaje.ebeaninternal.server.querydefn.DefaultOrmQuery.findRowCount(DefaultOrmQuery.java:917)
	at com.avaje.ebeaninternal.util.DefaultExpressionList.findRowCount(DefaultExpressionList.java:167)
	at controllers.RegistrationController.checkMail(RegistrationController.java:42)
	at router.Routes$$anonfun$routes$1$$anonfun$applyOrElse$13$$anonfun$apply$13.apply(Routes.scala:385)
	at router.Routes$$anonfun$routes$1$$anonfun$applyOrElse$13$$anonfun$apply$13.apply(Routes.scala:385)
	at play.core.routing.HandlerInvokerFactory$$anon$4.resultCall(HandlerInvoker.scala:157)
	at play.core.routing.HandlerInvokerFactory$$anon$4.resultCall(HandlerInvoker.scala:156)
	at play.core.routing.HandlerInvokerFactory$JavaActionInvokerFactory$$anon$14$$anon$3$$anon$1.invocation(HandlerInvoker.scala:136)
	at play.core.j.JavaAction$$anon$1.call(JavaAction.scala:73)
	at play.http.HttpRequestHandler$1.call(HttpRequestHandler.java:54)
	at play.core.j.JavaAction$$anonfun$7.apply(JavaAction.scala:108)
	at play.core.j.JavaAction$$anonfun$7.apply(JavaAction.scala:108)
	at scala.concurrent.impl.Future$PromiseCompletingRunnable.liftedTree1$1(Future.scala:24)
	at scala.concurrent.impl.Future$PromiseCompletingRunnable.run(Future.scala:24)
	at play.core.j.HttpExecutionContext$$anon$2.run(HttpExecutionContext.scala:56)
	at play.api.libs.iteratee.Execution$trampoline$.execute(Execution.scala:70)
	at play.core.j.HttpExecutionContext.execute(HttpExecutionContext.scala:48)
	at scala.concurrent.impl.Future$.apply(Future.scala:31)
	at scala.concurrent.Future$.apply(Future.scala:494)
	at play.core.j.JavaAction.apply(JavaAction.scala:108)
	at play.api.mvc.Action$$anonfun$apply$2$$anonfun$apply$5$$anonfun$apply$6.apply(Action.scala:112)
	at play.api.mvc.Action$$anonfun$apply$2$$anonfun$apply$5$$anonfun$apply$6.apply(Action.scala:112)
	at play.utils.Threads$.withContextClassLoader(Threads.scala:21)
	at play.api.mvc.Action$$anonfun$apply$2$$anonfun$apply$5.apply(Action.scala:111)
	at play.api.mvc.Action$$anonfun$apply$2$$anonfun$apply$5.apply(Action.scala:110)
	at scala.Option.map(Option.scala:146)
	at play.api.mvc.Action$$anonfun$apply$2.apply(Action.scala:110)
	at play.api.mvc.Action$$anonfun$apply$2.apply(Action.scala:103)
	at scala.concurrent.Future$$anonfun$flatMap$1.apply(Future.scala:253)
	at scala.concurrent.Future$$anonfun$flatMap$1.apply(Future.scala:251)
	... 13 common frames omitted
Caused by: org.postgresql.util.PSQLException: ERROR: column "emil_id" does not exist
  Position: 41
	at org.postgresql.core.v3.QueryExecutorImpl.receiveErrorResponse(QueryExecutorImpl.java:2161)
	at org.postgresql.core.v3.QueryExecutorImpl.processResults(QueryExecutorImpl.java:1890)
	at org.postgresql.core.v3.QueryExecutorImpl.execute(QueryExecutorImpl.java:255)
	at org.postgresql.jdbc2.AbstractJdbc2Statement.execute(AbstractJdbc2Statement.java:560)
	at org.postgresql.jdbc2.AbstractJdbc2Statement.executeWithFlags(AbstractJdbc2Statement.java:417)
	at org.postgresql.jdbc2.AbstractJdbc2Statement.executeQuery(AbstractJdbc2Statement.java:302)
	at com.zaxxer.hikari.pool.ProxyPreparedStatement.executeQuery(ProxyPreparedStatement.java:52)
	at com.zaxxer.hikari.pool.HikariProxyPreparedStatement.executeQuery(HikariProxyPreparedStatement.java)
	at sun.reflect.NativeMethodAccessorImpl.invoke0(Native Method)
	at sun.reflect.NativeMethodAccessorImpl.invoke(NativeMethodAccessorImpl.java:62)
	at sun.reflect.DelegatingMethodAccessorImpl.invoke(DelegatingMethodAccessorImpl.java:43)
	at java.lang.reflect.Method.invoke(Method.java:498)
	at org.jdbcdslog.PreparedStatementLoggingHandler.invoke(PreparedStatementLoggingHandler.java:35)
	at com.sun.proxy.$Proxy47.executeQuery(Unknown Source)
	at com.avaje.ebeaninternal.server.query.CQueryRowCount.findRowCount(CQueryRowCount.java:128)
	at com.avaje.ebeaninternal.server.query.CQueryEngine.findRowCount(CQueryEngine.java:86)
	... 47 common frames omitted
2016-04-29 11:39:22,038 [INFO] from application in application-akka.actor.default-dispatcher-2 - ApplicationTimer demo: Stopping application at 2016-04-29T06:09:22.038Z after 25s.
2016-04-29 11:39:22,039 [INFO] from application in application-akka.actor.default-dispatcher-2 - Shutting down connection pool.
2016-04-29 11:39:22,117 [INFO] from application in application-akka.actor.default-dispatcher-2 - Creating Pool for datasource 'default'
2016-04-29 11:39:22,122 [INFO] from play.api.db.DefaultDBApi in application-akka.actor.default-dispatcher-2 - Database [default] connected at jdbc:postgresql://localhost:5432/digitalhawk
2016-04-29 11:39:22,181 [INFO] from application in application-akka.actor.default-dispatcher-2 - ApplicationTimer demo: Starting application at 2016-04-29T06:09:22.181Z
2016-04-29 11:39:22,682 [INFO] from play.api.Play in application-akka.actor.default-dispatcher-2 - Application started (Dev)
2016-04-29 11:40:42,543 [INFO] from application in application-akka.actor.default-dispatcher-6 - ApplicationTimer demo: Stopping application at 2016-04-29T06:10:42.543Z after 80s.
2016-04-29 11:40:42,544 [INFO] from application in application-akka.actor.default-dispatcher-6 - Shutting down connection pool.
2016-04-29 11:40:42,621 [INFO] from application in application-akka.actor.default-dispatcher-6 - Creating Pool for datasource 'default'
2016-04-29 11:40:42,625 [INFO] from play.api.db.DefaultDBApi in application-akka.actor.default-dispatcher-6 - Database [default] connected at jdbc:postgresql://localhost:5432/digitalhawk
2016-04-29 11:40:42,671 [INFO] from application in application-akka.actor.default-dispatcher-6 - ApplicationTimer demo: Starting application at 2016-04-29T06:10:42.671Z
2016-04-29 11:40:42,720 [INFO] from play.api.Play in application-akka.actor.default-dispatcher-6 - Application started (Dev)
2016-04-29 11:40:42,803 [INFO] from application in application-akka.actor.default-dispatcher-6 - searching user with email id="dishari@thrymr.net"
2016-04-29 11:40:42,810 [INFO] from application in application-akka.actor.default-dispatcher-6 - total number of users found :0
2016-04-29 11:41:02,626 [INFO] from application in application-akka.actor.default-dispatcher-2 - searching user with email id=dishari@thrymr.net
2016-04-29 11:41:02,628 [INFO] from application in application-akka.actor.default-dispatcher-2 - total number of users found :1
2016-04-29 11:55:51,273 [INFO] from application in application-akka.actor.default-dispatcher-5 - ApplicationTimer demo: Stopping application at 2016-04-29T06:25:51.273Z after 909s.
2016-04-29 11:55:51,273 [INFO] from application in application-akka.actor.default-dispatcher-5 - Shutting down connection pool.
2016-04-29 11:55:51,330 [INFO] from application in application-akka.actor.default-dispatcher-5 - Creating Pool for datasource 'default'
2016-04-29 11:55:51,334 [INFO] from play.api.db.DefaultDBApi in application-akka.actor.default-dispatcher-5 - Database [default] connected at jdbc:postgresql://localhost:5432/digitalhawk
2016-04-29 11:55:51,981 [INFO] from application in application-akka.actor.default-dispatcher-5 - ApplicationTimer demo: Starting application at 2016-04-29T06:25:51.981Z
2016-04-29 11:55:52,037 [INFO] from play.api.Play in application-akka.actor.default-dispatcher-5 - Application started (Dev)
2016-04-29 11:55:52,323 [WARN] from play.core.server.netty.NettyModelConversion in application-akka.actor.default-dispatcher-2 - Content-Type set both in header (application/javascript; charset=utf-8) and attached to entity (application/javascript; charset=utf-8), ignoring content type from entity. To remove this warning, use Result.as(...) to set the content type, rather than setting the header manually.
2016-04-29 11:55:52,323 [WARN] from play.core.server.netty.NettyModelConversion in application-akka.actor.default-dispatcher-3 - Content-Type set both in header (text/css; charset=utf-8) and attached to entity (text/css; charset=utf-8), ignoring content type from entity. To remove this warning, use Result.as(...) to set the content type, rather than setting the header manually.
2016-04-29 11:55:53,010 [WARN] from play.core.server.netty.NettyModelConversion in application-akka.actor.default-dispatcher-3 - Content-Type set both in header (image/png) and attached to entity (image/png), ignoring content type from entity. To remove this warning, use Result.as(...) to set the content type, rather than setting the header manually.
2016-04-29 11:56:48,250 [INFO] from application in application-akka.actor.default-dispatcher-8 - ApplicationTimer demo: Stopping application at 2016-04-29T06:26:48.250Z after 57s.
2016-04-29 11:56:48,250 [INFO] from application in application-akka.actor.default-dispatcher-8 - Shutting down connection pool.
2016-04-29 11:56:48,310 [INFO] from application in application-akka.actor.default-dispatcher-8 - Creating Pool for datasource 'default'
2016-04-29 11:56:48,314 [INFO] from play.api.db.DefaultDBApi in application-akka.actor.default-dispatcher-8 - Database [default] connected at jdbc:postgresql://localhost:5432/digitalhawk
2016-04-29 11:56:48,345 [INFO] from application in application-akka.actor.default-dispatcher-8 - ApplicationTimer demo: Starting application at 2016-04-29T06:26:48.345Z
2016-04-29 11:56:48,640 [INFO] from play.api.Play in application-akka.actor.default-dispatcher-8 - Application started (Dev)
2016-04-29 11:57:43,721 [INFO] from application in application-akka.actor.default-dispatcher-3 - ApplicationTimer demo: Stopping application at 2016-04-29T06:27:43.721Z after 55s.
2016-04-29 11:57:43,721 [INFO] from application in application-akka.actor.default-dispatcher-3 - Shutting down connection pool.
2016-04-29 11:57:43,778 [INFO] from application in application-akka.actor.default-dispatcher-3 - Creating Pool for datasource 'default'
2016-04-29 11:57:43,786 [INFO] from play.api.db.DefaultDBApi in application-akka.actor.default-dispatcher-3 - Database [default] connected at jdbc:postgresql://localhost:5432/digitalhawk
2016-04-29 11:57:43,828 [INFO] from application in application-akka.actor.default-dispatcher-3 - ApplicationTimer demo: Starting application at 2016-04-29T06:27:43.828Z
2016-04-29 11:57:43,872 [INFO] from play.api.Play in application-akka.actor.default-dispatcher-3 - Application started (Dev)
2016-04-29 11:58:45,486 [INFO] from application in application-akka.actor.default-dispatcher-3 - ApplicationTimer demo: Stopping application at 2016-04-29T06:28:45.486Z after 62s.
2016-04-29 11:58:45,487 [INFO] from application in application-akka.actor.default-dispatcher-3 - Shutting down connection pool.
2016-04-29 11:58:45,566 [INFO] from application in application-akka.actor.default-dispatcher-3 - Creating Pool for datasource 'default'
2016-04-29 11:58:45,570 [INFO] from play.api.db.DefaultDBApi in application-akka.actor.default-dispatcher-3 - Database [default] connected at jdbc:postgresql://localhost:5432/digitalhawk
2016-04-29 11:58:45,598 [INFO] from application in application-akka.actor.default-dispatcher-3 - ApplicationTimer demo: Starting application at 2016-04-29T06:28:45.598Z
2016-04-29 11:58:45,645 [INFO] from play.api.Play in application-akka.actor.default-dispatcher-3 - Application started (Dev)
2016-04-29 11:59:11,705 [INFO] from application in application-akka.actor.default-dispatcher-7 - searching user with email id=dishari@thrymr.net
2016-04-29 11:59:11,758 [INFO] from application in application-akka.actor.default-dispatcher-7 - total number of users found :1
2016-04-29 11:59:25,361 [INFO] from application in application-akka.actor.default-dispatcher-9 - searching user with email id=dishari@abc.com
2016-04-29 11:59:25,362 [INFO] from application in application-akka.actor.default-dispatcher-9 - total number of users found :0
2016-04-29 12:00:12,629 [INFO] from application in application-akka.actor.default-dispatcher-3 - ApplicationTimer demo: Stopping application at 2016-04-29T06:30:12.629Z after 87s.
2016-04-29 12:00:12,629 [INFO] from application in application-akka.actor.default-dispatcher-3 - Shutting down connection pool.
2016-04-29 12:00:12,733 [INFO] from application in application-akka.actor.default-dispatcher-3 - Creating Pool for datasource 'default'
2016-04-29 12:00:12,739 [INFO] from play.api.db.DefaultDBApi in application-akka.actor.default-dispatcher-3 - Database [default] connected at jdbc:postgresql://localhost:5432/digitalhawk
2016-04-29 12:00:13,920 [INFO] from application in application-akka.actor.default-dispatcher-3 - ApplicationTimer demo: Starting application at 2016-04-29T06:30:13.920Z
2016-04-29 12:00:13,987 [INFO] from play.api.Play in application-akka.actor.default-dispatcher-3 - Application started (Dev)
2016-04-29 12:00:31,318 [INFO] from application in application-akka.actor.default-dispatcher-6 - searching user with email id=dishari@abc.com
2016-04-29 12:00:31,321 [INFO] from application in application-akka.actor.default-dispatcher-6 - total number of users found :0
2016-04-29 12:01:49,239 [INFO] from application in application-akka.actor.default-dispatcher-14 - ApplicationTimer demo: Stopping application at 2016-04-29T06:31:49.239Z after 96s.
2016-04-29 12:01:49,239 [INFO] from application in application-akka.actor.default-dispatcher-14 - Shutting down connection pool.
2016-04-29 12:01:49,310 [INFO] from application in application-akka.actor.default-dispatcher-14 - Creating Pool for datasource 'default'
2016-04-29 12:01:49,314 [INFO] from play.api.db.DefaultDBApi in application-akka.actor.default-dispatcher-14 - Database [default] connected at jdbc:postgresql://localhost:5432/digitalhawk
2016-04-29 12:01:49,359 [INFO] from application in application-akka.actor.default-dispatcher-14 - ApplicationTimer demo: Starting application at 2016-04-29T06:31:49.359Z
2016-04-29 12:01:49,452 [INFO] from play.api.Play in application-akka.actor.default-dispatcher-14 - Application started (Dev)
2016-04-29 12:02:08,912 [INFO] from application in application-akka.actor.default-dispatcher-3 - searching user with email id=dishari@abc.com
2016-04-29 12:02:09,689 [INFO] from application in application-akka.actor.default-dispatcher-3 - total number of users found :0
2016-04-29 12:02:10,402 [INFO] from application in application-akka.actor.default-dispatcher-5 - hello there 
2016-04-29 12:02:10,499 [INFO] from application in application-akka.actor.default-dispatcher-5 - all data entity.User@428bcdd1
2016-04-29 12:05:49,507 [INFO] from application in application-akka.actor.default-dispatcher-3 - ApplicationTimer demo: Stopping application at 2016-04-29T06:35:49.507Z after 240s.
2016-04-29 12:05:49,507 [INFO] from application in application-akka.actor.default-dispatcher-3 - Shutting down connection pool.
2016-04-29 12:05:49,555 [INFO] from application in application-akka.actor.default-dispatcher-3 - Creating Pool for datasource 'default'
2016-04-29 12:05:49,559 [INFO] from play.api.db.DefaultDBApi in application-akka.actor.default-dispatcher-3 - Database [default] connected at jdbc:postgresql://localhost:5432/digitalhawk
2016-04-29 12:05:49,596 [INFO] from application in application-akka.actor.default-dispatcher-3 - ApplicationTimer demo: Starting application at 2016-04-29T06:35:49.596Z
2016-04-29 12:05:49,633 [INFO] from play.api.Play in application-akka.actor.default-dispatcher-3 - Application started (Dev)
2016-04-29 12:14:18,568 [INFO] from application in application-akka.actor.default-dispatcher-7 - ApplicationTimer demo: Stopping application at 2016-04-29T06:44:18.568Z after 509s.
2016-04-29 12:14:18,568 [INFO] from application in application-akka.actor.default-dispatcher-7 - Shutting down connection pool.
2016-04-29 12:14:18,685 [INFO] from application in application-akka.actor.default-dispatcher-7 - Creating Pool for datasource 'default'
2016-04-29 12:14:18,689 [INFO] from play.api.db.DefaultDBApi in application-akka.actor.default-dispatcher-7 - Database [default] connected at jdbc:postgresql://localhost:5432/digitalhawk
2016-04-29 12:14:20,422 [INFO] from application in application-akka.actor.default-dispatcher-7 - ApplicationTimer demo: Starting application at 2016-04-29T06:44:20.421Z
2016-04-29 12:14:20,562 [INFO] from play.api.Play in application-akka.actor.default-dispatcher-7 - Application started (Dev)
2016-04-29 12:15:56,070 [INFO] from application in application-akka.actor.default-dispatcher-3 - ApplicationTimer demo: Stopping application at 2016-04-29T06:45:56.070Z after 96s.
2016-04-29 12:15:56,070 [INFO] from application in application-akka.actor.default-dispatcher-3 - Shutting down connection pool.
2016-04-29 12:15:56,110 [INFO] from application in application-akka.actor.default-dispatcher-3 - Creating Pool for datasource 'default'
2016-04-29 12:15:56,114 [INFO] from play.api.db.DefaultDBApi in application-akka.actor.default-dispatcher-3 - Database [default] connected at jdbc:postgresql://localhost:5432/digitalhawk
2016-04-29 12:15:56,150 [INFO] from application in application-akka.actor.default-dispatcher-3 - ApplicationTimer demo: Starting application at 2016-04-29T06:45:56.150Z
2016-04-29 12:15:56,207 [INFO] from play.api.Play in application-akka.actor.default-dispatcher-3 - Application started (Dev)
2016-04-29 12:17:28,017 [INFO] from application in application-akka.actor.default-dispatcher-3 - searching user with email id=dishari@abc.com
2016-04-29 12:17:28,032 [INFO] from application in application-akka.actor.default-dispatcher-3 - total number of users found :1
2016-04-29 12:17:30,891 [INFO] from application in application-akka.actor.default-dispatcher-3 - searching user with email id=dishari@abc.com
2016-04-29 12:17:30,893 [INFO] from application in application-akka.actor.default-dispatcher-3 - total number of users found :1
2016-04-29 12:17:40,955 [INFO] from application in application-akka.actor.default-dispatcher-10 - searching user with email id=dishari@def.com
2016-04-29 12:17:40,956 [INFO] from application in application-akka.actor.default-dispatcher-10 - total number of users found :0
2016-04-29 12:17:40,967 [INFO] from application in application-akka.actor.default-dispatcher-10 - hello there 
2016-04-29 12:17:40,973 [INFO] from application in application-akka.actor.default-dispatcher-10 - all data entity.User@7219d0fd
